staging;struct 1;interpc_ 21476
A_First_Path;DeadCodeElimCG;codegen;struct 1;interpc_ 3267
Extra_Path_1;DeadCodeElimCG;codegen;struct 1;interpc_ 496
Extra_Path_2;DeadCodeElimCG;codegen;struct 1;interpc_ 128
Recreate_the_graph;DeadCodeElimCG;codegen;struct 1;interpc_ 1193
DeadCodeElimCG;codegen;struct 1;interpc_ 1320
codegen;struct 1;interpc_ 56758
struct 1;interpc_ 212294
interpc_ 1349
staging;interp 1;interpc_ 1054
A_First_Path;DeadCodeElimCG;codegen;interp 1;interpc_ 211
Extra_Path_1;DeadCodeElimCG;codegen;interp 1;interpc_ 10
Recreate_the_graph;DeadCodeElimCG;codegen;interp 1;interpc_ 49
DeadCodeElimCG;codegen;interp 1;interpc_ 164
codegen;interp 1;interpc_ 4216
interp 1;interpc_ 3802
interpc_ 56
staging;interp 2;interpc_ 6155
A_First_Path;DeadCodeElimCG;codegen;interp 2;interpc_ 1798
Extra_Path_1;DeadCodeElimCG;codegen;interp 2;interpc_ 297
Extra_Path_2;DeadCodeElimCG;codegen;interp 2;interpc_ 402
Recreate_the_graph;DeadCodeElimCG;codegen;interp 2;interpc_ 745
DeadCodeElimCG;codegen;interp 2;interpc_ 299
codegen;interp 2;interpc_ 9446
interp 2;interpc_ 4067
interpc_ 62
staging;interp 3;interpc_ 16469
A_First_Path;DeadCodeElimCG;codegen;interp 3;interpc_ 6974
Extra_Path_1;DeadCodeElimCG;codegen;interp 3;interpc_ 707
Extra_Path_2;DeadCodeElimCG;codegen;interp 3;interpc_ 487
Recreate_the_graph;DeadCodeElimCG;codegen;interp 3;interpc_ 2110
DeadCodeElimCG;codegen;interp 3;interpc_ 280
codegen;interp 3;interpc_ 19020
interp 3;interpc_ 4921
interpc_ 1199
staging;interp 4;interpc_ 7305
A_First_Path;DeadCodeElimCG;codegen;interp 4;interpc_ 2992
Extra_Path_1;DeadCodeElimCG;codegen;interp 4;interpc_ 244
Extra_Path_2;DeadCodeElimCG;codegen;interp 4;interpc_ 135
Recreate_the_graph;DeadCodeElimCG;codegen;interp 4;interpc_ 666
DeadCodeElimCG;codegen;interp 4;interpc_ 289
codegen;interp 4;interpc_ 24946
interp 4;interpc_ 5236
interpc_ 77
staging;interp 5;interpc_ 42209
A_First_Path;DeadCodeElimCG;codegen;interp 5;interpc_ 16393
Extra_Path_1;DeadCodeElimCG;codegen;interp 5;interpc_ 1369
Extra_Path_2;DeadCodeElimCG;codegen;interp 5;interpc_ 119
Recreate_the_graph;DeadCodeElimCG;codegen;interp 5;interpc_ 12267
DeadCodeElimCG;codegen;interp 5;interpc_ 407
codegen;interp 5;interpc_ 42043
interp 5;interpc_ 4203
interpc_ 183
staging;interp 6;interpc_ 9352
A_First_Path;DeadCodeElimCG;codegen;interp 6;interpc_ 2803
Extra_Path_1;DeadCodeElimCG;codegen;interp 6;interpc_ 2443
Extra_Path_2;DeadCodeElimCG;codegen;interp 6;interpc_ 25
Recreate_the_graph;DeadCodeElimCG;codegen;interp 6;interpc_ 743
DeadCodeElimCG;codegen;interp 6;interpc_ 238
codegen;interp 6;interpc_ 6135
interp 6;interpc_ 5787
interpc_ 241
staging;mini stub;mini_ 2527
A_First_Path;DeadCodeElimCG;codegen;mini stub;mini_ 1444
Extra_Path_1;DeadCodeElimCG;codegen;mini stub;mini_ 54
Extra_Path_2;DeadCodeElimCG;codegen;mini stub;mini_ 14
Recreate_the_graph;DeadCodeElimCG;codegen;mini stub;mini_ 741
DeadCodeElimCG;codegen;mini stub;mini_ 166
codegen;mini stub;mini_ 13306
mini stub;mini_ 8287
mini_ 35
staging;mini stub 2;mini_ 10027
A_First_Path;DeadCodeElimCG;codegen;mini stub 2;mini_ 53
Extra_Path_1;DeadCodeElimCG;codegen;mini stub 2;mini_ 11
Recreate_the_graph;DeadCodeElimCG;codegen;mini stub 2;mini_ 22
DeadCodeElimCG;codegen;mini stub 2;mini_ 86
codegen;mini stub 2;mini_ 196
mini stub 2;mini_ 1442
mini_ 26
staging;interp 1;interpc0_ 880
A_First_Path;DeadCodeElimCG;codegen;interp 1;interpc0_ 48
Extra_Path_1;DeadCodeElimCG;codegen;interp 1;interpc0_ 11
Recreate_the_graph;DeadCodeElimCG;codegen;interp 1;interpc0_ 25
DeadCodeElimCG;codegen;interp 1;interpc0_ 85
codegen;interp 1;interpc0_ 1295
interp 1;interpc0_ 4520
interpc0_ 33
staging;interp 2;interpc0_ 5654
A_First_Path;DeadCodeElimCG;codegen;interp 2;interpc0_ 862
Extra_Path_1;DeadCodeElimCG;codegen;interp 2;interpc0_ 24
Extra_Path_2;DeadCodeElimCG;codegen;interp 2;interpc0_ 9
Recreate_the_graph;DeadCodeElimCG;codegen;interp 2;interpc0_ 56
DeadCodeElimCG;codegen;interp 2;interpc0_ 132
codegen;interp 2;interpc0_ 2512
interp 2;interpc0_ 1676
interpc0_ 70
staging;interp 3;interpc0_ 7416
A_First_Path;DeadCodeElimCG;codegen;interp 3;interpc0_ 1612
Extra_Path_1;DeadCodeElimCG;codegen;interp 3;interpc0_ 49
Extra_Path_2;DeadCodeElimCG;codegen;interp 3;interpc0_ 19
Recreate_the_graph;DeadCodeElimCG;codegen;interp 3;interpc0_ 109
DeadCodeElimCG;codegen;interp 3;interpc0_ 173
codegen;interp 3;interpc0_ 7001
interp 3;interpc0_ 4346
interpc0_ 66
staging;interp 4;interpc0_ 1091
A_First_Path;DeadCodeElimCG;codegen;interp 4;interpc0_ 150
Extra_Path_1;DeadCodeElimCG;codegen;interp 4;interpc0_ 1430
Extra_Path_2;DeadCodeElimCG;codegen;interp 4;interpc0_ 12
Recreate_the_graph;DeadCodeElimCG;codegen;interp 4;interpc0_ 164
DeadCodeElimCG;codegen;interp 4;interpc0_ 175
codegen;interp 4;interpc0_ 7507
interp 4;interpc0_ 2125
interpc0_ 62
staging;interp 5;interpc0_ 5748
A_First_Path;DeadCodeElimCG;codegen;interp 5;interpc0_ 298
Extra_Path_1;DeadCodeElimCG;codegen;interp 5;interpc0_ 34
Extra_Path_2;DeadCodeElimCG;codegen;interp 5;interpc0_ 13
Recreate_the_graph;DeadCodeElimCG;codegen;interp 5;interpc0_ 224
DeadCodeElimCG;codegen;interp 5;interpc0_ 232
codegen;interp 5;interpc0_ 6586
interp 5;interpc0_ 8804
interpc0_ 103
staging;interp 1;interp_ 269
A_First_Path;DeadCodeElimCG;codegen;interp 1;interp_ 44
Extra_Path_1;DeadCodeElimCG;codegen;interp 1;interp_ 8
Recreate_the_graph;DeadCodeElimCG;codegen;interp 1;interp_ 79
DeadCodeElimCG;codegen;interp 1;interp_ 75
codegen;interp 1;interp_ 752
interp 1;interp_ 4876
interp_ 45
staging;interp 2;interp_ 684
A_First_Path;DeadCodeElimCG;codegen;interp 2;interp_ 91
Extra_Path_1;DeadCodeElimCG;codegen;interp 2;interp_ 71
Extra_Path_2;DeadCodeElimCG;codegen;interp 2;interp_ 9
Recreate_the_graph;DeadCodeElimCG;codegen;interp 2;interp_ 50
DeadCodeElimCG;codegen;interp 2;interp_ 83
codegen;interp 2;interp_ 4814
interp 2;interp_ 1538
interp_ 20
staging;interp 3;interp_ 11313
A_First_Path;DeadCodeElimCG;codegen;interp 3;interp_ 393
Extra_Path_1;DeadCodeElimCG;codegen;interp 3;interp_ 40
Extra_Path_2;DeadCodeElimCG;codegen;interp 3;interp_ 20
Recreate_the_graph;DeadCodeElimCG;codegen;interp 3;interp_ 90
DeadCodeElimCG;codegen;interp 3;interp_ 140
codegen;interp 3;interp_ 5006
interp 3;interp_ 1550
interp_ 27
staging;interp 4;interp_ 3320
A_First_Path;DeadCodeElimCG;codegen;interp 4;interp_ 110
Extra_Path_1;DeadCodeElimCG;codegen;interp 4;interp_ 211
Extra_Path_2;DeadCodeElimCG;codegen;interp 4;interp_ 34
Recreate_the_graph;DeadCodeElimCG;codegen;interp 4;interp_ 70
DeadCodeElimCG;codegen;interp 4;interp_ 98
codegen;interp 4;interp_ 3599
interp 4;interp_ 1931
interp_ 45
staging;interp 5;interp_ 12658
A_First_Path;DeadCodeElimCG;codegen;interp 5;interp_ 119
Extra_Path_1;DeadCodeElimCG;codegen;interp 5;interp_ 50
Extra_Path_2;DeadCodeElimCG;codegen;interp 5;interp_ 12
Recreate_the_graph;DeadCodeElimCG;codegen;interp 5;interp_ 85
DeadCodeElimCG;codegen;interp 5;interp_ 86
codegen;interp 5;interp_ 5778
interp 5;interp_ 4387
interp_ 110
staging;simplify 5;interp_ 4718
A_First_Path;DeadCodeElimCG;codegen;simplify 5;interp_ 257
Extra_Path_1;DeadCodeElimCG;codegen;simplify 5;interp_ 101
Extra_Path_2;DeadCodeElimCG;codegen;simplify 5;interp_ 26
Recreate_the_graph;DeadCodeElimCG;codegen;simplify 5;interp_ 55
DeadCodeElimCG;codegen;simplify 5;interp_ 223
codegen;simplify 5;interp_ 1786
simplify 5;interp_ 9889
interp_ 50
