interpc_;struct 1;staging 21476
interpc_;struct 1;codegen;DeadCodeElimCG;A_First_Path 3267
interpc_;struct 1;codegen;DeadCodeElimCG;Extra_Path_1 496
interpc_;struct 1;codegen;DeadCodeElimCG;Extra_Path_2 128
interpc_;struct 1;codegen;DeadCodeElimCG;Recreate_the_graph 1193
interpc_;struct 1;codegen;DeadCodeElimCG 1320
interpc_;struct 1;codegen 56758
interpc_;struct 1 212294
interpc_ 1349
interpc_;interp 1;staging 1054
interpc_;interp 1;codegen;DeadCodeElimCG;A_First_Path 211
interpc_;interp 1;codegen;DeadCodeElimCG;Extra_Path_1 10
interpc_;interp 1;codegen;DeadCodeElimCG;Recreate_the_graph 49
interpc_;interp 1;codegen;DeadCodeElimCG 164
interpc_;interp 1;codegen 4216
interpc_;interp 1 3802
interpc_ 56
interpc_;interp 2;staging 6155
interpc_;interp 2;codegen;DeadCodeElimCG;A_First_Path 1798
interpc_;interp 2;codegen;DeadCodeElimCG;Extra_Path_1 297
interpc_;interp 2;codegen;DeadCodeElimCG;Extra_Path_2 402
interpc_;interp 2;codegen;DeadCodeElimCG;Recreate_the_graph 745
interpc_;interp 2;codegen;DeadCodeElimCG 299
interpc_;interp 2;codegen 9446
interpc_;interp 2 4067
interpc_ 62
interpc_;interp 3;staging 16469
interpc_;interp 3;codegen;DeadCodeElimCG;A_First_Path 6974
interpc_;interp 3;codegen;DeadCodeElimCG;Extra_Path_1 707
interpc_;interp 3;codegen;DeadCodeElimCG;Extra_Path_2 487
interpc_;interp 3;codegen;DeadCodeElimCG;Recreate_the_graph 2110
interpc_;interp 3;codegen;DeadCodeElimCG 280
interpc_;interp 3;codegen 19020
interpc_;interp 3 4921
interpc_ 1199
interpc_;interp 4;staging 7305
interpc_;interp 4;codegen;DeadCodeElimCG;A_First_Path 2992
interpc_;interp 4;codegen;DeadCodeElimCG;Extra_Path_1 244
interpc_;interp 4;codegen;DeadCodeElimCG;Extra_Path_2 135
interpc_;interp 4;codegen;DeadCodeElimCG;Recreate_the_graph 666
interpc_;interp 4;codegen;DeadCodeElimCG 289
interpc_;interp 4;codegen 24946
interpc_;interp 4 5236
interpc_ 77
interpc_;interp 5;staging 42209
interpc_;interp 5;codegen;DeadCodeElimCG;A_First_Path 16393
interpc_;interp 5;codegen;DeadCodeElimCG;Extra_Path_1 1369
interpc_;interp 5;codegen;DeadCodeElimCG;Extra_Path_2 119
interpc_;interp 5;codegen;DeadCodeElimCG;Recreate_the_graph 12267
interpc_;interp 5;codegen;DeadCodeElimCG 407
interpc_;interp 5;codegen 42043
interpc_;interp 5 4203
interpc_ 183
interpc_;interp 6;staging 9352
interpc_;interp 6;codegen;DeadCodeElimCG;A_First_Path 2803
interpc_;interp 6;codegen;DeadCodeElimCG;Extra_Path_1 2443
interpc_;interp 6;codegen;DeadCodeElimCG;Extra_Path_2 25
interpc_;interp 6;codegen;DeadCodeElimCG;Recreate_the_graph 743
interpc_;interp 6;codegen;DeadCodeElimCG 238
interpc_;interp 6;codegen 6135
interpc_;interp 6 5787
interpc_ 241
mini_;mini stub;staging 2527
mini_;mini stub;codegen;DeadCodeElimCG;A_First_Path 1444
mini_;mini stub;codegen;DeadCodeElimCG;Extra_Path_1 54
mini_;mini stub;codegen;DeadCodeElimCG;Extra_Path_2 14
mini_;mini stub;codegen;DeadCodeElimCG;Recreate_the_graph 741
mini_;mini stub;codegen;DeadCodeElimCG 166
mini_;mini stub;codegen 13306
mini_;mini stub 8287
mini_ 35
mini_;mini stub 2;staging 10027
mini_;mini stub 2;codegen;DeadCodeElimCG;A_First_Path 53
mini_;mini stub 2;codegen;DeadCodeElimCG;Extra_Path_1 11
mini_;mini stub 2;codegen;DeadCodeElimCG;Recreate_the_graph 22
mini_;mini stub 2;codegen;DeadCodeElimCG 86
mini_;mini stub 2;codegen 196
mini_;mini stub 2 1442
mini_ 26
interpc0_;interp 1;staging 880
interpc0_;interp 1;codegen;DeadCodeElimCG;A_First_Path 48
interpc0_;interp 1;codegen;DeadCodeElimCG;Extra_Path_1 11
interpc0_;interp 1;codegen;DeadCodeElimCG;Recreate_the_graph 25
interpc0_;interp 1;codegen;DeadCodeElimCG 85
interpc0_;interp 1;codegen 1295
interpc0_;interp 1 4520
interpc0_ 33
interpc0_;interp 2;staging 5654
interpc0_;interp 2;codegen;DeadCodeElimCG;A_First_Path 862
interpc0_;interp 2;codegen;DeadCodeElimCG;Extra_Path_1 24
interpc0_;interp 2;codegen;DeadCodeElimCG;Extra_Path_2 9
interpc0_;interp 2;codegen;DeadCodeElimCG;Recreate_the_graph 56
interpc0_;interp 2;codegen;DeadCodeElimCG 132
interpc0_;interp 2;codegen 2512
interpc0_;interp 2 1676
interpc0_ 70
interpc0_;interp 3;staging 7416
interpc0_;interp 3;codegen;DeadCodeElimCG;A_First_Path 1612
interpc0_;interp 3;codegen;DeadCodeElimCG;Extra_Path_1 49
interpc0_;interp 3;codegen;DeadCodeElimCG;Extra_Path_2 19
interpc0_;interp 3;codegen;DeadCodeElimCG;Recreate_the_graph 109
interpc0_;interp 3;codegen;DeadCodeElimCG 173
interpc0_;interp 3;codegen 7001
interpc0_;interp 3 4346
interpc0_ 66
interpc0_;interp 4;staging 1091
interpc0_;interp 4;codegen;DeadCodeElimCG;A_First_Path 150
interpc0_;interp 4;codegen;DeadCodeElimCG;Extra_Path_1 1430
interpc0_;interp 4;codegen;DeadCodeElimCG;Extra_Path_2 12
interpc0_;interp 4;codegen;DeadCodeElimCG;Recreate_the_graph 164
interpc0_;interp 4;codegen;DeadCodeElimCG 175
interpc0_;interp 4;codegen 7507
interpc0_;interp 4 2125
interpc0_ 62
interpc0_;interp 5;staging 5748
interpc0_;interp 5;codegen;DeadCodeElimCG;A_First_Path 298
interpc0_;interp 5;codegen;DeadCodeElimCG;Extra_Path_1 34
interpc0_;interp 5;codegen;DeadCodeElimCG;Extra_Path_2 13
interpc0_;interp 5;codegen;DeadCodeElimCG;Recreate_the_graph 224
interpc0_;interp 5;codegen;DeadCodeElimCG 232
interpc0_;interp 5;codegen 6586
interpc0_;interp 5 8804
interpc0_ 103
interp_;interp 1;staging 269
interp_;interp 1;codegen;DeadCodeElimCG;A_First_Path 44
interp_;interp 1;codegen;DeadCodeElimCG;Extra_Path_1 8
interp_;interp 1;codegen;DeadCodeElimCG;Recreate_the_graph 79
interp_;interp 1;codegen;DeadCodeElimCG 75
interp_;interp 1;codegen 752
interp_;interp 1 4876
interp_ 45
interp_;interp 2;staging 684
interp_;interp 2;codegen;DeadCodeElimCG;A_First_Path 91
interp_;interp 2;codegen;DeadCodeElimCG;Extra_Path_1 71
interp_;interp 2;codegen;DeadCodeElimCG;Extra_Path_2 9
interp_;interp 2;codegen;DeadCodeElimCG;Recreate_the_graph 50
interp_;interp 2;codegen;DeadCodeElimCG 83
interp_;interp 2;codegen 4814
interp_;interp 2 1538
interp_ 20
interp_;interp 3;staging 11313
interp_;interp 3;codegen;DeadCodeElimCG;A_First_Path 393
interp_;interp 3;codegen;DeadCodeElimCG;Extra_Path_1 40
interp_;interp 3;codegen;DeadCodeElimCG;Extra_Path_2 20
interp_;interp 3;codegen;DeadCodeElimCG;Recreate_the_graph 90
interp_;interp 3;codegen;DeadCodeElimCG 140
interp_;interp 3;codegen 5006
interp_;interp 3 1550
interp_ 27
interp_;interp 4;staging 3320
interp_;interp 4;codegen;DeadCodeElimCG;A_First_Path 110
interp_;interp 4;codegen;DeadCodeElimCG;Extra_Path_1 211
interp_;interp 4;codegen;DeadCodeElimCG;Extra_Path_2 34
interp_;interp 4;codegen;DeadCodeElimCG;Recreate_the_graph 70
interp_;interp 4;codegen;DeadCodeElimCG 98
interp_;interp 4;codegen 3599
interp_;interp 4 1931
interp_ 45
interp_;interp 5;staging 12658
interp_;interp 5;codegen;DeadCodeElimCG;A_First_Path 119
interp_;interp 5;codegen;DeadCodeElimCG;Extra_Path_1 50
interp_;interp 5;codegen;DeadCodeElimCG;Extra_Path_2 12
interp_;interp 5;codegen;DeadCodeElimCG;Recreate_the_graph 85
interp_;interp 5;codegen;DeadCodeElimCG 86
interp_;interp 5;codegen 5778
interp_;interp 5 4387
interp_ 110
interp_;simplify 5;staging 4718
interp_;simplify 5;codegen;DeadCodeElimCG;A_First_Path 257
interp_;simplify 5;codegen;DeadCodeElimCG;Extra_Path_1 101
interp_;simplify 5;codegen;DeadCodeElimCG;Extra_Path_2 26
interp_;simplify 5;codegen;DeadCodeElimCG;Recreate_the_graph 55
interp_;simplify 5;codegen;DeadCodeElimCG 223
interp_;simplify 5;codegen 1786
interp_;simplify 5 9889
interp_ 50
